mode: set
rest-api/test_integration.go:21.50,23.21 1 0
rest-api/test_integration.go:23.21,25.3 1 0
rest-api/test_integration.go:28.2,63.29 15 0
rest-api/test_integration.go:63.29,65.3 1 0
rest-api/test_integration.go:67.2,68.65 2 0
rest-api/test_integration.go:68.65,70.3 1 0
rest-api/test_integration.go:72.2,72.23 1 0
rest-api/test_integration.go:72.23,74.3 1 0
rest-api/test_integration.go:80.101,82.2 1 0
rest-api/test_integration.go:84.100,86.2 1 0
rest-api/test_integration.go:88.118,90.2 1 0
rest-api/test_integration.go:92.111,94.2 1 0
rest-api/test_integration.go:96.60,98.2 1 0
rest-api/test_integration.go:100.42,102.2 1 0
rest-api/test_integration.go:106.97,108.2 1 0
rest-api/test_integration.go:110.103,112.2 1 0
rest-api/test_integration.go:114.94,116.2 1 0
rest-api/test_integration.go:118.102,120.2 1 0
rest-api/test_integration.go:122.116,124.2 1 0
rest-api/test_integration.go:126.98,128.2 1 0
rest-api/test_integration.go:130.104,132.2 1 0
rest-api/test_integration.go:134.85,139.2 1 0
rest-api/test_integration.go:142.47,155.27 3 0
rest-api/test_integration.go:155.27,157.3 1 0
rest-api/test_integration.go:160.66,161.21 1 0
rest-api/test_integration.go:161.21,163.3 1 0
rest-api/test_integration.go:166.2,167.29 2 0
rest-api/test_integration.go:167.29,170.3 2 0
rest-api/test_integration.go:173.2,174.30 2 0
rest-api/test_integration.go:174.30,177.3 2 0
rest-api/test_integration.go:179.2,179.20 1 0
rest-api/test_integration.go:179.20,181.3 1 0
rest-api/test_integration.go:184.2,184.35 1 0
rest-api/test_integration.go:184.35,185.38 1 0
rest-api/test_integration.go:185.38,186.30 1 0
rest-api/test_integration.go:186.30,188.5 1 0
rest-api/test_integration.go:192.2,195.33 3 0
rest-api/test_integration.go:195.33,196.45 1 0
rest-api/test_integration.go:196.45,198.43 2 0
rest-api/test_integration.go:198.43,200.5 1 0
rest-api/test_integration.go:201.9,203.4 1 0
rest-api/test_integration.go:206.2,206.23 1 0
rest-api/test_integration.go:210.30,215.2 1 0
rest-api/internal/config/config.go:23.30,41.48 3 0
rest-api/internal/config/config.go:41.48,43.3 1 0
rest-api/internal/config/config.go:45.2,45.29 1 0
rest-api/internal/config/config.go:45.29,47.3 1 0
rest-api/internal/config/config.go:49.2,49.22 1 0
rest-api/internal/config/config.go:49.22,51.3 1 0
rest-api/internal/config/config.go:53.2,53.17 1 0
rest-api/internal/config/config.go:57.42,58.48 1 0
rest-api/internal/config/config.go:58.48,60.3 1 0
rest-api/internal/config/config.go:61.2,61.17 1 0
rest-api/internal/config/config.go:65.54,67.16 2 0
rest-api/internal/config/config.go:67.16,70.3 2 0
rest-api/internal/config/config.go:71.2,71.17 1 0
rest-api/cmd/server/main.go:25.13,28.16 2 0
rest-api/cmd/server/main.go:28.16,30.3 1 0
rest-api/cmd/server/main.go:33.2,33.55 1 0
rest-api/cmd/server/main.go:33.55,35.3 1 0
rest-api/cmd/server/main.go:38.2,39.16 2 0
rest-api/cmd/server/main.go:39.16,41.3 1 0
rest-api/cmd/server/main.go:42.2,43.16 2 0
rest-api/cmd/server/main.go:43.16,45.3 1 0
rest-api/cmd/server/main.go:48.2,70.2 13 0
rest-api/cmd/server/main.go:70.2,81.3 10 0
rest-api/cmd/server/main.go:84.2,93.12 2 0
rest-api/cmd/server/main.go:93.12,95.77 2 0
rest-api/cmd/server/main.go:95.77,97.4 1 0
rest-api/cmd/server/main.go:100.2,109.42 7 0
rest-api/cmd/server/main.go:109.42,111.3 1 0
rest-api/cmd/server/main.go:112.2,112.43 1 0
rest-api/cmd/server/main.go:116.46,121.16 3 0
rest-api/cmd/server/main.go:121.16,123.3 1 0
rest-api/cmd/server/main.go:124.2,127.61 2 0
rest-api/cmd/server/main.go:127.61,129.3 1 0
rest-api/cmd/server/main.go:131.2,132.12 2 0
rest-api/internal/middleware/auth.go:17.71,18.46 1 0
rest-api/internal/middleware/auth.go:18.46,19.72 1 0
rest-api/internal/middleware/auth.go:19.72,21.24 2 0
rest-api/internal/middleware/auth.go:21.24,24.5 2 0
rest-api/internal/middleware/auth.go:26.4,27.33 2 0
rest-api/internal/middleware/auth.go:27.33,30.5 2 0
rest-api/internal/middleware/auth.go:32.4,33.18 2 0
rest-api/internal/middleware/auth.go:33.18,36.5 2 0
rest-api/internal/middleware/auth.go:38.4,39.18 2 0
rest-api/internal/middleware/auth.go:39.18,42.5 2 0
rest-api/internal/middleware/auth.go:44.4,45.41 2 0
rest-api/internal/middleware/auth.go:50.60,53.2 2 0
rest-api/internal/middleware/logging.go:9.56,10.71 1 0
rest-api/internal/middleware/logging.go:10.71,25.3 4 0
rest-api/internal/middleware/logging.go:33.49,36.2 2 0
rest-api/internal/middleware/validation.go:13.96,14.54 1 0
rest-api/internal/middleware/validation.go:14.54,17.66 2 0
rest-api/internal/middleware/validation.go:17.66,20.4 2 0
rest-api/internal/middleware/validation.go:22.3,22.50 1 0
rest-api/internal/middleware/validation.go:22.50,24.57 2 0
rest-api/internal/middleware/validation.go:24.57,26.5 1 0
rest-api/internal/middleware/validation.go:27.4,28.10 2 0
rest-api/internal/middleware/validation.go:31.3,31.22 1 0
rest-api/internal/middleware/validation.go:35.72,41.2 2 0
rest-api/internal/middleware/validation.go:43.82,49.2 2 0
rest-api/internal/handlers/auth.go:10.69,12.61 2 0
rest-api/internal/handlers/auth.go:12.61,15.3 2 0
rest-api/internal/handlers/auth.go:17.2,18.16 2 0
rest-api/internal/handlers/auth.go:18.16,21.3 2 0
rest-api/internal/handlers/auth.go:23.2,23.46 1 0
rest-api/internal/handlers/auth.go:26.66,28.61 2 0
rest-api/internal/handlers/auth.go:28.61,31.3 2 0
rest-api/internal/handlers/auth.go:33.2,34.16 2 0
rest-api/internal/handlers/auth.go:34.16,37.3 2 0
rest-api/internal/handlers/auth.go:39.2,39.41 1 0
rest-api/internal/handlers/chat.go:10.65,12.61 2 0
rest-api/internal/handlers/chat.go:12.61,15.3 2 0
rest-api/internal/handlers/chat.go:17.2,18.16 2 0
rest-api/internal/handlers/chat.go:18.16,21.3 2 0
rest-api/internal/handlers/chat.go:23.2,25.4 1 0
rest-api/internal/handlers/chat.go:28.75,30.16 2 0
rest-api/internal/handlers/chat.go:30.16,33.3 2 0
rest-api/internal/handlers/chat.go:35.2,37.4 1 0
rest-api/internal/handlers/chat.go:40.76,42.61 2 0
rest-api/internal/handlers/chat.go:42.61,45.3 2 0
rest-api/internal/handlers/chat.go:47.2,47.80 1 0
rest-api/internal/handlers/chat.go:47.80,50.3 2 0
rest-api/internal/handlers/chat.go:52.2,52.99 1 0
rest-api/internal/handlers/chat.go:55.76,57.16 2 0
rest-api/internal/handlers/chat.go:57.16,60.3 2 0
rest-api/internal/handlers/chat.go:62.2,62.45 1 0
rest-api/internal/handlers/handlers.go:24.13,31.2 1 1
rest-api/internal/handlers/handlers.go:33.67,34.71 1 0
rest-api/internal/handlers/handlers.go:34.71,36.3 1 0
rest-api/internal/handlers/handlers.go:40.76,44.2 3 1
rest-api/internal/handlers/handlers.go:46.72,51.2 1 1
rest-api/internal/handlers/handlers.go:53.59,54.51 1 0
rest-api/internal/handlers/handlers.go:54.51,56.3 1 0
rest-api/internal/handlers/handlers.go:56.8,58.3 1 0
rest-api/internal/handlers/health.go:8.72,10.61 1 0
rest-api/internal/handlers/health.go:10.61,13.3 2 0
rest-api/internal/handlers/health.go:17.2,20.4 1 0
rest-api/internal/handlers/profile.go:11.72,13.65 2 0
rest-api/internal/handlers/profile.go:13.65,16.3 2 0
rest-api/internal/handlers/profile.go:18.2,18.75 1 0
rest-api/internal/handlers/profile.go:18.75,21.3 2 0
rest-api/internal/handlers/profile.go:23.2,23.95 1 0
rest-api/internal/handlers/profile.go:26.71,28.9 2 0
rest-api/internal/handlers/profile.go:28.9,31.3 2 0
rest-api/internal/handlers/profile.go:33.2,34.16 2 0
rest-api/internal/handlers/profile.go:34.16,37.3 2 0
rest-api/internal/handlers/profile.go:40.2,47.45 2 0
rest-api/internal/handlers/workout.go:10.73,12.16 2 0
rest-api/internal/handlers/workout.go:12.16,15.3 2 0
rest-api/internal/handlers/workout.go:17.2,17.41 1 0
rest-api/internal/handlers/workout.go:20.75,22.16 2 0
rest-api/internal/handlers/workout.go:22.16,25.3 2 0
rest-api/internal/handlers/workout.go:27.2,27.41 1 0
rest-api/internal/handlers/workout.go:30.82,32.61 2 0
rest-api/internal/handlers/workout.go:32.61,35.3 2 0
rest-api/internal/handlers/workout.go:37.2,38.16 2 0
rest-api/internal/handlers/workout.go:38.16,41.3 2 0
rest-api/internal/handlers/workout.go:43.2,43.41 1 0
rest-api/internal/handlers/workout.go:46.70,48.16 2 0
rest-api/internal/handlers/workout.go:48.16,51.3 2 0
rest-api/internal/handlers/workout.go:53.2,53.43 1 0
rest-api/internal/repository/mongodb.go:23.67,29.16 5 0
rest-api/internal/repository/mongodb.go:29.16,31.3 1 0
rest-api/internal/repository/mongodb.go:34.2,34.46 1 0
rest-api/internal/repository/mongodb.go:34.46,36.3 1 0
rest-api/internal/repository/mongodb.go:37.2,45.8 3 0
rest-api/internal/repository/mongodb.go:48.97,57.2 2 0
rest-api/internal/repository/mongodb.go:59.107,62.16 3 0
rest-api/internal/repository/mongodb.go:62.16,64.3 1 0
rest-api/internal/repository/mongodb.go:66.2,67.51 2 0
rest-api/internal/repository/mongodb.go:67.51,69.3 1 0
rest-api/internal/repository/mongodb.go:70.2,70.22 1 0
rest-api/internal/repository/mongodb.go:73.98,81.2 2 0
rest-api/internal/repository/mongodb.go:83.106,86.33 3 0
rest-api/internal/repository/mongodb.go:86.33,88.3 1 0
rest-api/internal/repository/mongodb.go:89.2,89.19 1 0
rest-api/internal/repository/mongodb.go:92.120,95.16 3 0
rest-api/internal/repository/mongodb.go:95.16,97.3 1 0
rest-api/internal/repository/mongodb.go:99.2,99.40 1 0
rest-api/internal/repository/mongodb.go:99.40,100.43 1 0
rest-api/internal/repository/mongodb.go:100.43,102.4 1 0
rest-api/internal/repository/mongodb.go:104.2,104.34 1 0
rest-api/internal/repository/mongodb.go:107.102,109.16 2 0
rest-api/internal/repository/mongodb.go:109.16,111.3 1 0
rest-api/internal/repository/mongodb.go:114.2,115.16 2 0
rest-api/internal/repository/mongodb.go:115.16,117.3 1 0
rest-api/internal/repository/mongodb.go:120.2,126.16 3 0
rest-api/internal/repository/mongodb.go:126.16,128.3 1 0
rest-api/internal/repository/mongodb.go:131.2,131.55 1 0
rest-api/internal/repository/mongodb.go:134.108,137.33 3 0
rest-api/internal/repository/mongodb.go:137.33,145.3 1 0
rest-api/internal/repository/mongodb.go:146.2,146.23 1 0
rest-api/internal/repository/mongodb.go:149.111,151.16 2 0
rest-api/internal/repository/mongodb.go:151.16,153.3 1 0
rest-api/internal/repository/mongodb.go:154.2,154.26 1 0
rest-api/internal/repository/mongodb.go:157.107,160.16 2 0
rest-api/internal/repository/mongodb.go:160.16,162.3 1 0
rest-api/internal/repository/mongodb.go:165.2,177.16 7 0
rest-api/internal/repository/mongodb.go:177.16,179.3 1 0
rest-api/internal/repository/mongodb.go:182.2,182.23 1 0
rest-api/internal/repository/mongodb.go:182.23,184.42 2 0
rest-api/internal/repository/mongodb.go:184.42,185.27 1 0
rest-api/internal/repository/mongodb.go:185.27,187.10 2 0
rest-api/internal/repository/mongodb.go:190.3,190.13 1 0
rest-api/internal/repository/mongodb.go:190.13,192.4 1 0
rest-api/internal/repository/mongodb.go:195.2,211.12 3 0
rest-api/internal/repository/mongodb.go:214.91,221.16 2 0
rest-api/internal/repository/mongodb.go:221.16,223.3 1 0
rest-api/internal/repository/mongodb.go:224.2,227.54 3 0
rest-api/internal/repository/mongodb.go:227.54,229.3 1 0
rest-api/internal/repository/mongodb.go:231.2,231.27 1 0
rest-api/internal/repository/mongodb.go:231.27,233.3 1 0
rest-api/internal/repository/mongodb.go:235.2,238.40 3 0
rest-api/internal/repository/mongodb.go:238.40,240.48 2 0
rest-api/internal/repository/mongodb.go:240.48,243.4 2 0
rest-api/internal/repository/mongodb.go:243.9,244.9 1 0
rest-api/internal/repository/mongodb.go:248.2,248.24 1 0
rest-api/internal/repository/mongodb.go:251.70,252.25 1 1
rest-api/internal/repository/mongodb.go:252.25,254.3 1 1
rest-api/internal/repository/mongodb.go:254.8,254.32 1 1
rest-api/internal/repository/mongodb.go:254.32,256.3 1 1
rest-api/internal/repository/mongodb.go:256.8,256.31 1 1
rest-api/internal/repository/mongodb.go:256.31,258.3 1 1
rest-api/internal/repository/mongodb.go:259.2,259.19 1 1
rest-api/internal/repository/mongodb.go:262.89,264.16 2 0
rest-api/internal/repository/mongodb.go:264.16,266.3 1 0
rest-api/internal/repository/mongodb.go:267.2,270.23 3 0
rest-api/internal/repository/mongodb.go:270.23,272.50 2 0
rest-api/internal/repository/mongodb.go:272.50,273.12 1 0
rest-api/internal/repository/mongodb.go:277.3,285.36 3 0
rest-api/internal/repository/mongodb.go:289.2,289.38 1 0
rest-api/internal/repository/mongodb.go:289.38,290.41 1 0
rest-api/internal/repository/mongodb.go:290.41,291.43 1 0
rest-api/internal/repository/mongodb.go:291.43,293.5 1 0
rest-api/internal/repository/mongodb.go:297.2,297.21 1 0
rest-api/internal/repository/mongodb.go:300.88,306.16 2 0
rest-api/internal/repository/mongodb.go:306.16,308.3 1 0
rest-api/internal/repository/mongodb.go:309.2,312.54 3 0
rest-api/internal/repository/mongodb.go:312.54,314.3 1 0
rest-api/internal/repository/mongodb.go:316.2,316.27 1 0
rest-api/internal/repository/mongodb.go:316.27,318.3 1 0
rest-api/internal/repository/mongodb.go:321.2,322.41 2 0
rest-api/internal/repository/mongodb.go:322.41,325.3 2 0
rest-api/internal/repository/mongodb.go:328.2,329.30 2 0
rest-api/internal/repository/mongodb.go:329.30,332.3 2 0
rest-api/internal/repository/mongodb.go:334.2,334.20 1 0
rest-api/internal/repository/mongodb.go:334.20,336.3 1 0
rest-api/internal/repository/mongodb.go:339.2,339.35 1 0
rest-api/internal/repository/mongodb.go:339.35,340.38 1 0
rest-api/internal/repository/mongodb.go:340.38,341.30 1 0
rest-api/internal/repository/mongodb.go:341.30,343.5 1 0
rest-api/internal/repository/mongodb.go:347.2,350.33 3 0
rest-api/internal/repository/mongodb.go:350.33,351.45 1 0
rest-api/internal/repository/mongodb.go:351.45,353.43 2 0
rest-api/internal/repository/mongodb.go:353.43,355.5 1 0
rest-api/internal/repository/mongodb.go:356.9,358.4 1 0
rest-api/internal/repository/mongodb.go:361.2,361.23 1 0
rest-api/internal/repository/postgres.go:18.76,20.16 2 0
rest-api/internal/repository/postgres.go:20.16,22.3 1 0
rest-api/internal/repository/postgres.go:24.2,24.45 1 0
rest-api/internal/repository/postgres.go:28.103,36.16 3 0
rest-api/internal/repository/postgres.go:36.16,38.3 1 0
rest-api/internal/repository/postgres.go:39.2,39.16 1 0
rest-api/internal/repository/postgres.go:42.102,50.16 3 0
rest-api/internal/repository/postgres.go:50.16,51.36 1 0
rest-api/internal/repository/postgres.go:51.36,53.4 1 0
rest-api/internal/repository/postgres.go:54.3,54.56 1 0
rest-api/internal/repository/postgres.go:56.2,56.19 1 0
rest-api/internal/repository/postgres.go:60.120,62.16 2 0
rest-api/internal/repository/postgres.go:62.16,64.3 1 0
rest-api/internal/repository/postgres.go:65.2,84.16 3 0
rest-api/internal/repository/postgres.go:84.16,86.3 1 0
rest-api/internal/repository/postgres.go:89.2,89.101 1 0
rest-api/internal/repository/postgres.go:89.101,91.3 1 0
rest-api/internal/repository/postgres.go:93.2,93.45 1 0
rest-api/internal/repository/postgres.go:93.45,102.17 3 0
rest-api/internal/repository/postgres.go:102.17,104.4 1 0
rest-api/internal/repository/postgres.go:106.3,108.33 1 0
rest-api/internal/repository/postgres.go:108.33,110.4 1 0
rest-api/internal/repository/postgres.go:113.2,113.23 1 0
rest-api/internal/repository/postgres.go:116.113,128.16 3 0
rest-api/internal/repository/postgres.go:128.16,129.36 1 0
rest-api/internal/repository/postgres.go:129.36,131.4 1 0
rest-api/internal/repository/postgres.go:132.3,132.67 1 0
rest-api/internal/repository/postgres.go:136.2,143.16 2 0
rest-api/internal/repository/postgres.go:143.16,145.3 1 0
rest-api/internal/repository/postgres.go:146.2,148.18 2 0
rest-api/internal/repository/postgres.go:148.18,150.43 2 0
rest-api/internal/repository/postgres.go:150.43,152.4 1 0
rest-api/internal/repository/postgres.go:153.3,153.61 1 0
rest-api/internal/repository/postgres.go:156.2,156.22 1 0
rest-api/internal/repository/postgres.go:234.62,236.2 1 0
rest-api/internal/repository/postgres.go:238.44,241.2 2 0
rest-api/internal/services/ai.go:24.113,27.25 2 0
rest-api/internal/services/ai.go:27.25,29.3 1 0
rest-api/internal/services/ai.go:31.2,34.3 1 0
rest-api/internal/services/ai.go:37.91,39.16 2 0
rest-api/internal/services/ai.go:39.16,41.3 1 0
rest-api/internal/services/ai.go:44.2,45.16 2 0
rest-api/internal/services/ai.go:45.16,46.44 1 0
rest-api/internal/services/ai.go:46.44,52.4 1 0
rest-api/internal/services/ai.go:53.8,53.24 1 0
rest-api/internal/services/ai.go:53.24,55.3 1 0
rest-api/internal/services/ai.go:58.2,59.16 2 0
rest-api/internal/services/ai.go:59.16,65.3 1 0
rest-api/internal/services/ai.go:68.2,68.21 1 0
rest-api/internal/services/ai.go:68.21,74.3 1 0
rest-api/internal/services/ai.go:77.2,113.16 5 0
rest-api/internal/services/ai.go:113.16,119.3 1 0
rest-api/internal/services/ai.go:122.2,126.48 3 0
rest-api/internal/services/ai.go:126.48,130.3 3 0
rest-api/internal/services/ai.go:131.2,131.44 1 0
rest-api/internal/services/ai.go:131.44,135.3 3 0
rest-api/internal/services/ai.go:137.2,142.77 2 0
rest-api/internal/services/ai.go:142.77,148.3 1 0
rest-api/internal/services/ai.go:151.2,151.40 1 0
rest-api/internal/services/ai.go:151.40,152.45 1 0
rest-api/internal/services/ai.go:152.45,154.4 1 0
rest-api/internal/services/ai.go:155.3,155.54 1 0
rest-api/internal/services/ai.go:155.54,156.59 1 0
rest-api/internal/services/ai.go:156.59,158.5 1 0
rest-api/internal/services/ai.go:163.2,174.38 3 0
rest-api/internal/services/ai.go:174.38,177.52 2 0
rest-api/internal/services/ai.go:177.52,179.4 1 0
rest-api/internal/services/ai.go:183.2,183.72 1 0
rest-api/internal/services/ai.go:183.72,186.3 1 0
rest-api/internal/services/ai.go:188.2,188.25 1 0
rest-api/internal/services/ai.go:191.79,193.16 2 0
rest-api/internal/services/ai.go:193.16,195.3 1 0
rest-api/internal/services/ai.go:197.2,197.21 1 0
rest-api/internal/services/ai.go:197.21,203.3 1 0
rest-api/internal/services/ai.go:206.2,207.16 2 0
rest-api/internal/services/ai.go:207.16,213.3 1 0
rest-api/internal/services/ai.go:216.2,226.23 3 0
rest-api/internal/services/ai.go:226.23,228.3 1 0
rest-api/internal/services/ai.go:230.2,230.40 1 0
rest-api/internal/services/ai.go:230.40,240.3 3 0
rest-api/internal/services/ai.go:243.2,250.16 3 0
rest-api/internal/services/ai.go:250.16,256.3 1 0
rest-api/internal/services/ai.go:259.2,266.68 2 0
rest-api/internal/services/ai.go:266.68,272.3 1 0
rest-api/internal/services/ai.go:274.2,274.22 1 0
rest-api/internal/services/ai.go:277.80,289.35 10 0
rest-api/internal/services/ai.go:289.35,293.3 3 0
rest-api/internal/services/ai.go:295.2,302.20 7 0
rest-api/internal/services/ai.go:305.87,307.16 2 0
rest-api/internal/services/ai.go:307.16,309.3 1 0
rest-api/internal/services/ai.go:311.2,311.50 1 0
rest-api/internal/services/ai.go:314.114,316.16 2 0
rest-api/internal/services/ai.go:316.16,318.3 1 0
rest-api/internal/services/ai.go:320.2,320.21 1 0
rest-api/internal/services/ai.go:320.21,326.3 1 0
rest-api/internal/services/ai.go:329.2,330.16 2 0
rest-api/internal/services/ai.go:330.16,336.3 1 0
rest-api/internal/services/ai.go:339.2,340.16 2 0
rest-api/internal/services/ai.go:340.16,346.3 1 0
rest-api/internal/services/ai.go:349.2,385.16 5 0
rest-api/internal/services/ai.go:385.16,391.3 1 0
rest-api/internal/services/ai.go:394.2,398.48 3 0
rest-api/internal/services/ai.go:398.48,402.3 3 0
rest-api/internal/services/ai.go:403.2,403.44 1 0
rest-api/internal/services/ai.go:403.44,407.3 3 0
rest-api/internal/services/ai.go:409.2,414.77 2 0
rest-api/internal/services/ai.go:414.77,420.3 1 0
rest-api/internal/services/ai.go:423.2,423.40 1 0
rest-api/internal/services/ai.go:423.40,424.45 1 0
rest-api/internal/services/ai.go:424.45,426.4 1 0
rest-api/internal/services/ai.go:427.3,427.54 1 0
rest-api/internal/services/ai.go:427.54,428.59 1 0
rest-api/internal/services/ai.go:428.59,430.5 1 0
rest-api/internal/services/ai.go:435.2,447.38 3 0
rest-api/internal/services/ai.go:447.38,450.52 2 0
rest-api/internal/services/ai.go:450.52,452.4 1 0
rest-api/internal/services/ai.go:456.2,456.72 1 0
rest-api/internal/services/ai.go:456.72,462.3 1 0
rest-api/internal/services/ai.go:464.2,464.25 1 0
rest-api/internal/services/ai.go:467.100,469.16 2 0
rest-api/internal/services/ai.go:469.16,471.3 1 0
rest-api/internal/services/ai.go:473.2,474.16 2 0
rest-api/internal/services/ai.go:474.16,475.43 1 0
rest-api/internal/services/ai.go:475.43,481.4 1 0
rest-api/internal/services/ai.go:482.3,486.4 1 0
rest-api/internal/services/ai.go:489.2,489.21 1 0
rest-api/internal/services/ai.go:492.82,494.16 2 0
rest-api/internal/services/ai.go:494.16,496.3 1 0
rest-api/internal/services/ai.go:498.2,498.62 1 0
rest-api/internal/services/ai.go:501.88,503.16 2 0
rest-api/internal/services/ai.go:503.16,505.3 1 0
rest-api/internal/services/ai.go:507.2,507.51 1 0
rest-api/internal/services/ai.go:510.81,512.2 1 1
rest-api/internal/services/ai.go:514.137,526.35 10 0
rest-api/internal/services/ai.go:526.35,530.3 3 0
rest-api/internal/services/ai.go:532.2,534.47 3 0
rest-api/internal/services/ai.go:534.47,536.46 2 0
rest-api/internal/services/ai.go:536.46,539.4 1 0
rest-api/internal/services/ai.go:542.2,552.20 9 0
rest-api/internal/services/auth.go:20.105,26.2 1 0
rest-api/internal/services/auth.go:28.111,31.59 2 0
rest-api/internal/services/auth.go:31.59,37.3 1 0
rest-api/internal/services/auth.go:38.2,38.21 1 0
rest-api/internal/services/auth.go:38.21,44.3 1 0
rest-api/internal/services/auth.go:47.2,48.16 2 0
rest-api/internal/services/auth.go:48.16,54.3 1 0
rest-api/internal/services/auth.go:57.2,58.16 2 0
rest-api/internal/services/auth.go:58.16,64.3 1 0
rest-api/internal/services/auth.go:67.2,68.16 2 0
rest-api/internal/services/auth.go:68.16,74.3 1 0
rest-api/internal/services/auth.go:76.2,79.8 1 0
rest-api/internal/services/auth.go:82.105,85.16 2 0
rest-api/internal/services/auth.go:85.16,86.45 1 0
rest-api/internal/services/auth.go:86.45,92.4 1 0
rest-api/internal/services/auth.go:93.3,97.4 1 0
rest-api/internal/services/auth.go:101.2,101.63 1 0
rest-api/internal/services/auth.go:101.63,107.3 1 0
rest-api/internal/services/auth.go:110.2,111.16 2 0
rest-api/internal/services/auth.go:111.16,117.3 1 0
rest-api/internal/services/auth.go:119.2,122.8 1 0
rest-api/internal/services/health.go:12.66,16.2 1 0
rest-api/internal/services/health.go:18.60,20.2 1 0
rest-api/internal/services/openrouter.go:60.59,68.2 1 0
rest-api/internal/services/openrouter.go:70.53,72.2 1 0
rest-api/internal/services/openrouter.go:74.48,76.2 1 0
rest-api/internal/services/openrouter.go:78.57,85.2 2 0
rest-api/internal/services/openrouter.go:87.134,93.55 5 0
rest-api/internal/services/openrouter.go:93.55,95.17 2 0
rest-api/internal/services/openrouter.go:95.17,96.9 1 0
rest-api/internal/services/openrouter.go:100.3,100.26 1 0
rest-api/internal/services/openrouter.go:100.26,102.4 1 0
rest-api/internal/services/openrouter.go:105.3,105.30 1 0
rest-api/internal/services/openrouter.go:108.2,108.22 1 0
rest-api/internal/services/openrouter.go:111.125,113.70 1 0
rest-api/internal/services/openrouter.go:113.70,115.3 1 0
rest-api/internal/services/openrouter.go:117.2,123.16 3 0
rest-api/internal/services/openrouter.go:123.16,125.3 1 0
rest-api/internal/services/openrouter.go:127.2,128.16 2 0
rest-api/internal/services/openrouter.go:128.16,130.3 1 0
rest-api/internal/services/openrouter.go:132.2,138.16 6 0
rest-api/internal/services/openrouter.go:138.16,140.3 1 0
rest-api/internal/services/openrouter.go:141.2,144.38 3 0
rest-api/internal/services/openrouter.go:144.38,151.79 2 0
rest-api/internal/services/openrouter.go:151.79,153.4 1 0
rest-api/internal/services/openrouter.go:154.3,154.77 1 0
rest-api/internal/services/openrouter.go:157.2,158.56 2 0
rest-api/internal/services/openrouter.go:158.56,160.3 1 0
rest-api/internal/services/openrouter.go:162.2,162.34 1 0
rest-api/internal/services/openrouter.go:162.34,164.3 1 0
rest-api/internal/services/openrouter.go:166.2,166.32 1 0
rest-api/internal/services/openrouter.go:166.32,168.3 1 0
rest-api/internal/services/openrouter.go:170.2,170.49 1 0
rest-api/internal/services/profile.go:15.68,19.2 1 0
rest-api/internal/services/profile.go:21.96,23.16 2 0
rest-api/internal/services/profile.go:23.16,25.3 1 0
rest-api/internal/services/profile.go:27.2,28.73 2 0
rest-api/internal/services/profile.go:28.73,34.3 1 0
rest-api/internal/services/profile.go:35.2,35.12 1 0
rest-api/internal/services/profile.go:38.90,40.16 2 0
rest-api/internal/services/profile.go:40.16,42.3 1 0
rest-api/internal/services/profile.go:44.2,45.16 2 0
rest-api/internal/services/profile.go:45.16,46.36 1 0
rest-api/internal/services/profile.go:46.36,52.4 1 0
rest-api/internal/services/profile.go:53.3,57.4 1 0
rest-api/internal/services/profile.go:59.2,59.21 1 0
rest-api/internal/services/service.go:19.38,21.2 1 0
rest-api/internal/services/service.go:23.72,29.2 1 1
rest-api/internal/services/service.go:36.78,38.9 2 0
rest-api/internal/services/service.go:38.9,44.3 1 0
rest-api/internal/services/service.go:45.2,45.20 1 0
rest-api/pkg/utils/crypto.go:8.52,10.16 2 1
rest-api/pkg/utils/crypto.go:10.16,12.3 1 0
rest-api/pkg/utils/crypto.go:13.2,13.27 1 1
rest-api/pkg/utils/crypto.go:17.52,20.2 2 1
rest-api/pkg/utils/jwt.go:10.94,19.2 3 1
rest-api/pkg/utils/jwt.go:22.69,23.83 1 1
rest-api/pkg/utils/jwt.go:23.83,24.58 1 1
rest-api/pkg/utils/jwt.go:24.58,26.4 1 0
rest-api/pkg/utils/jwt.go:27.3,27.29 1 1
rest-api/pkg/utils/jwt.go:30.2,30.16 1 1
rest-api/pkg/utils/jwt.go:30.16,32.3 1 1
rest-api/pkg/utils/jwt.go:34.2,34.67 1 1
rest-api/pkg/utils/jwt.go:34.67,36.3 1 1
rest-api/pkg/utils/jwt.go:38.2,38.31 1 0
rest-api/pkg/utils/jwt.go:42.61,44.9 2 1
rest-api/pkg/utils/jwt.go:44.9,46.3 1 0
rest-api/pkg/utils/jwt.go:47.2,47.25 1 1
